# 로그 샘플
[2023-12-13 15:49:09,878][INFO|main.py-<module>:43] >> ★☆★☆★☆★☆★☆ Hi, The Program has started ★☆★☆★☆★☆★☆
[2023-12-13 15:49:21,523][INFO|member.py-post_additional_member:138] >> [Success] : 김하나 has been newly added.
[2023-12-13 15:49:22,237][INFO|member.py-post_additional_member:160] >> [Success] : 김하나's job-position has been changed.
[2023-12-13 15:49:22,686][INFO|member.py-post_additional_member:180] >> [Success] : 김하나's department has been changed.
[2023-12-13 15:49:22,687][INFO|main.py-<module>:92] >> The program has finished...
[2023-12-14 00:30:23,719][INFO|main.py-<module>:43] >> ★☆★☆★☆★☆★☆ Hi, The Program has started ★☆★☆★☆★☆★☆
[2023-12-14 00:30:35,193][INFO|main.py-<module>:92] >> The program has finished...
[2023-12-14 08:41:40,092][INFO|main.py-<module>:43] >> ★☆★☆★☆★☆★☆ Hi, The Program has started ★☆★☆★☆★☆★☆
[2023-12-14 08:41:51,154][INFO|department.py-put_dept_to_member:109] >> [Success] : 최두나's department has been changed.
[2023-12-14 08:41:51,154][INFO|main.py-<module>:92] >> The program has finished...
[2023-12-14 16:42:19,542][INFO|main.py-<module>:43] >> ★☆★☆★☆★☆★☆ Hi, The Program has started ★☆★☆★☆★☆★☆
[2023-12-14 16:42:34,835][INFO|main.py-<module>:92] >> The program has finished...
[2023-12-15 00:30:23,901][INFO|main.py-<module>:43] >> ★☆★☆★☆★☆★☆ Hi, The Program has started ★☆★☆★☆★☆★☆
[2023-12-15 00:30:35,148][INFO|main.py-<module>:92] >> The program has finished...
[2023-12-15 16:42:15,973][INFO|main.py-<module>:43] >> ★☆★☆★☆★☆★☆ Hi, The Program has started ★☆★☆★☆★☆★☆
[2023-12-15 16:42:25,329][INFO|main.py-<module>:92] >> The program has finished...
[2023-12-16 00:30:24,279][INFO|main.py-<module>:43] >> ★☆★☆★☆★☆★☆ Hi, The Program has started ★☆★☆★☆★☆★☆
[2023-12-16 00:30:34,838][INFO|main.py-<module>:92] >> The program has finished...
[2023-12-16 16:42:17,177][INFO|main.py-<module>:43] >> ★☆★☆★☆★☆★☆ Hi, The Program has started ★☆★☆★☆★☆★☆
[2023-12-16 16:42:24,433][INFO|main.py-<module>:92] >> The program has finished...
[2023-12-17 00:30:28,489][INFO|main.py-<module>:43] >> ★☆★☆★☆★☆★☆ Hi, The Program has started ★☆★☆★☆★☆★☆
[2023-12-17 00:30:39,892][INFO|main.py-<module>:92] >> The program has finished...
[2023-12-17 16:42:14,867][INFO|main.py-<module>:43] >> ★☆★☆★☆★☆★☆ Hi, The Program has started ★☆★☆★☆★☆★☆
[2023-12-17 16:42:22,117][INFO|main.py-<module>:92] >> The program has finished...
[2023-12-18 00:30:24,697][INFO|main.py-<module>:43] >> ★☆★☆★☆★☆★☆ Hi, The Program has started ★☆★☆★☆★☆★☆
[2023-12-18 00:30:35,233][INFO|main.py-<module>:92] >> The program has finished...
[2023-12-18 16:42:17,849][INFO|main.py-<module>:43] >> ★☆★☆★☆★☆★☆ Hi, The Program has started ★☆★☆★☆★☆★☆
[2023-12-18 16:42:28,984][INFO|main.py-<module>:92] >> The program has finished...
[2023-12-19 00:30:26,710][INFO|main.py-<module>:43] >> ★☆★☆★☆★☆★☆ Hi, The Program has started ★☆★☆★☆★☆★☆
[2023-12-19 00:30:39,450][INFO|main.py-<module>:92] >> The program has finished...